<?xml version="1.0" encoding="UTF-8"?>
<!-- Generated by org.testng.reporters.JUnitXMLReporter -->
<testsuite hostname="C02QT28DG8WP" ignored="0" name="Command line test" tests="2" failures="1" timestamp="10 Jun 2019 19:10:00 GMT" time="19.565" errors="0">
  <testcase name="sanity_loginWithValidEmail" time="18.249" classname="com.amazon.test.LoginTest"/>
  <testcase name="sanity_addToCartHeadPhone" time="1.107" classname="com.amazon.test.AddToCartTest">
    <failure type="org.openqa.selenium.WebDriverException" message="Unable to convert: {actions=[org.openqa.selenium.interactions.Sequence@49c66ade]}">
      <![CDATA[org.openqa.selenium.WebDriverException: Unable to convert: {actions=[org.openqa.selenium.interactions.Sequence@49c66ade]}
	at org.openqa.selenium.remote.BeanToJsonConverter.convert(BeanToJsonConverter.java:68)
	at org.openqa.selenium.remote.http.AbstractHttpCommandCodec.encode(AbstractHttpCommandCodec.java:229)
	at org.openqa.selenium.remote.http.AbstractHttpCommandCodec.encode(AbstractHttpCommandCodec.java:118)
	at org.openqa.selenium.remote.HttpCommandExecutor.execute(HttpCommandExecutor.java:158)
	at org.openqa.selenium.remote.service.DriverCommandExecutor.execute(DriverCommandExecutor.java:83)
	at org.openqa.selenium.remote.RemoteWebDriver.execute(RemoteWebDriver.java:586)
	at org.openqa.selenium.remote.RemoteWebDriver.perform(RemoteWebDriver.java:652)
	at org.openqa.selenium.interactions.Actions$BuiltAction.perform(Actions.java:638)
	at org.openqa.selenium.interactions.Actions.perform(Actions.java:594)
	at com.amazon.pageActions.AddToCartAction.addHeadphonesToCart(AddToCartAction.java:29)
	at com.amazon.test.AddToCartTest.sanity_addToCartHeadPhone(AddToCartTest.java:14)
Caused by: org.openqa.selenium.WebDriverException: Unable to convert: {actions=[org.openqa.selenium.interactions.Sequence@49c66ade]}
	at org.openqa.selenium.remote.BeanToJsonConverter.convertObject(BeanToJsonConverter.java:87)
	at org.openqa.selenium.remote.BeanToJsonConverter.convert(BeanToJsonConverter.java:65)
	... 45 more
Build info: version: '3.6.0', revision: '6fbf3ec767', time: '2017-09-27T15:28:36.4Z'
System info: host: 'C02QT28DG8WP', ip: 'fe80:0:0:0:1cb6:c68a:de3a:3de7%en0', os.name: 'Mac OS X', os.arch: 'x86_64', os.version: '10.13.6', java.version: '1.8.0_211'
Driver info: driver.version: RemoteWebDriver
	at org.openqa.selenium.remote.BeanToJsonConverter.convertObject(BeanToJsonConverter.java:202)
	at org.openqa.selenium.remote.BeanToJsonConverter.convertObject(BeanToJsonConverter.java:154)
	at org.openqa.selenium.remote.BeanToJsonConverter.convertObject(BeanToJsonConverter.java:142)
	at org.openqa.selenium.remote.BeanToJsonConverter.convertObject(BeanToJsonConverter.java:85)
	... 46 more
	at org.openqa.selenium.remote.BeanToJsonConverter.convertObject(BeanToJsonConverter.java:185)
	... 49 more
Caused by: org.openqa.selenium.NoSuchElementException: no such element: Unable to locate element: {"method":"xpath","selector":"//*[@id="nav-link-shopall"]/span[2]"}
  (Session info: chrome=75.0.3770.80)
For documentation on this error, please visit: http://seleniumhq.org/exceptions/no_such_element.html
Build info: version: '3.6.0', revision: '6fbf3ec767', time: '2017-09-27T15:28:36.4Z'
System info: host: 'C02QT28DG8WP', ip: 'fe80:0:0:0:1cb6:c68a:de3a:3de7%en0', os.name: 'Mac OS X', os.arch: 'x86_64', os.version: '10.13.6', java.version: '1.8.0_211'
Driver info: org.openqa.selenium.chrome.ChromeDriver
Capabilities [{networkConnectionEnabled=false, chrome={chromedriverVersion=75.0.3770.8 (681f24ea911fe754973dda2fdc6d2a2e159dd300-refs/branch-heads/3770@{#40}), userDataDir=/var/folders/t6/b__0k81j7k38mhr2k1xz966x8sd982/T/.com.google.Chrome.cUtMGT}, timeouts={implicit=0, pageLoad=300000, script=30000}, pageLoadStrategy=normal, unhandledPromptBehavior=dismiss and notify, strictFileInteractability=false, platform=MAC, proxy=Proxy(), goog:chromeOptions={debuggerAddress=localhost:60292}, acceptInsecureCerts=false, browserVersion=75.0.3770.80, browserName=chrome, javascriptEnabled=true, platformName=MAC, setWindowRect=true}]
Session ID: e258390bd65c37bb2b50c0c48595f4b7
*** Element info: {Using=xpath, value=//*[@id="nav-link-shopall"]/span[2]}
	at org.openqa.selenium.remote.http.W3CHttpResponseCodec.createException(W3CHttpResponseCodec.java:185)
	at org.openqa.selenium.remote.http.W3CHttpResponseCodec.decode(W3CHttpResponseCodec.java:120)
	at org.openqa.selenium.remote.http.W3CHttpResponseCodec.decode(W3CHttpResponseCodec.java:49)
	at org.openqa.selenium.remote.HttpCommandExecutor.execute(HttpCommandExecutor.java:164)
	at org.openqa.selenium.remote.service.DriverCommandExecutor.execute(DriverCommandExecutor.java:83)
	at org.openqa.selenium.remote.RemoteWebDriver.execute(RemoteWebDriver.java:586)
	at org.openqa.selenium.remote.RemoteWebDriver.findElement(RemoteWebDriver.java:356)
	at org.openqa.selenium.remote.RemoteWebDriver.findElementByXPath(RemoteWebDriver.java:458)
	at org.openqa.selenium.By$ByXPath.findElement(By.java:361)
	at org.openqa.selenium.remote.RemoteWebDriver.findElement(RemoteWebDriver.java:348)
	at org.openqa.selenium.support.pagefactory.DefaultElementLocator.findElement(DefaultElementLocator.java:69)
	at org.openqa.selenium.support.pagefactory.internal.LocatingElementHandler.invoke(LocatingElementHandler.java:38)
	at com.sun.proxy.$Proxy15.getWrappedElement(Unknown Source)
	at org.openqa.selenium.interactions.PointerInput$Origin.asArg(PointerInput.java:203)
	at org.openqa.selenium.interactions.PointerInput$Move.encode(PointerInput.java:154)
	at org.openqa.selenium.interactions.Sequence.encode(Sequence.java:75)
	at org.openqa.selenium.interactions.Sequence.toJson(Sequence.java:84)
	... 54 more
... Removed 45 stack frames]]>
    </failure>
  </testcase> <!-- sanity_addToCartHeadPhone -->
</testsuite> <!-- Command line test -->
