<?xml version="1.0" encoding="UTF-8"?>
<!-- Generated by org.testng.reporters.JUnitXMLReporter -->
<testsuite hostname="C02QT28DG8WP" ignored="2" name="Command line test" tests="8" failures="4" timestamp="13 Jun 2019 12:47:55 GMT" time="57.806" errors="0">
  <testcase name="loginWithValidEmail" time="17.267" classname="com.amazon.test.AddToCartTest"/>
  <testcase name="loginWithValidEmail" time="0.001" classname="com.amazon.test.AddToCartTest">
    <failure type="java.lang.NullPointerException">
      <![CDATA[java.lang.NullPointerException
	at com.amazon.test.AddToCartTest.loginWithValidEmail(AddToCartTest.java:62)
... Removed 35 stack frames]]>
    </failure>
  </testcase> <!-- loginWithValidEmail -->
  <testcase name="addToCartHeadPhone" time="17.741" classname="com.amazon.test.AddToCartTest"/>
  <testcase name="addToCartHeadPhone" time="0.001" classname="com.amazon.test.AddToCartTest">
    <failure type="java.lang.NullPointerException">
      <![CDATA[java.lang.NullPointerException
	at com.google.common.base.Preconditions.checkNotNull(Preconditions.java:787)
	at org.openqa.selenium.interactions.Actions.<init>(Actions.java:68)
	at com.amazon.pageActions.AddToCartAction.<init>(AddToCartAction.java:29)
	at com.amazon.test.AddToCartTest.addToCartHeadPhone(AddToCartTest.java:75)
... Removed 35 stack frames]]>
    </failure>
  </testcase> <!-- addToCartHeadPhone -->
  <testcase name="addToCartMacbook" time="13.011" classname="com.amazon.test.AddToCartTest"/>
  <testcase name="addToCartMacbook" time="0.001" classname="com.amazon.test.AddToCartTest">
    <failure type="java.lang.NullPointerException">
      <![CDATA[java.lang.NullPointerException
	at com.google.common.base.Preconditions.checkNotNull(Preconditions.java:787)
	at org.openqa.selenium.interactions.Actions.<init>(Actions.java:68)
	at com.amazon.pageActions.AddToCartAction.<init>(AddToCartAction.java:29)
	at com.amazon.test.AddToCartTest.addToCartMacbook(AddToCartTest.java:86)
... Removed 35 stack frames]]>
    </failure>
  </testcase> <!-- addToCartMacbook -->
  <testcase name="sanity_deleteHeadPhonesAndMacFromCart" time="7.75" classname="com.amazon.test.AddToCartTest"/>
  <testcase name="sanity_deleteHeadPhonesAndMacFromCart" time="0.001" classname="com.amazon.test.AddToCartTest">
    <failure type="java.lang.NullPointerException">
      <![CDATA[java.lang.NullPointerException
	at com.amazon.test.AddToCartTest.sanity_deleteHeadPhonesAndMacFromCart(AddToCartTest.java:96)
... Removed 35 stack frames]]>
    </failure>
  </testcase> <!-- sanity_deleteHeadPhonesAndMacFromCart -->
  <testcase name="@BeforeTest beforeClass" time="0.0" classname="com.amazon.test.AddToCartTest">
    <ignored/>
  </testcase> <!-- @BeforeTest beforeClass -->
  <testcase name="@AfterTest afterClass" time="0.0" classname="com.amazon.test.AddToCartTest">
    <ignored/>
  </testcase> <!-- @AfterTest afterClass -->
</testsuite> <!-- Command line test -->
