<?xml version="1.0" encoding="UTF-8"?>
<!-- Generated by org.testng.reporters.JUnitXMLReporter -->
<testsuite hostname="C02QT28DG8WP" ignored="0" name="Command line test" tests="4" failures="0" timestamp="11 Jun 2019 15:43:26 GMT" time="43.055" errors="0">
  <testcase name="sanity_loginWithValidEmail" time="13.957" classname="com.amazon.test.AddToCartTest"/>
  <testcase name="sanity_addToCartHeadPhone" time="13.595" classname="com.amazon.test.AddToCartTest"/>
  <testcase name="sanity_addToCartMacbook" time="8.011" classname="com.amazon.test.AddToCartTest"/>
  <testcase name="sanity_deleteHeadPhonesFromCart" time="4.196" classname="com.amazon.test.AddToCartTest"/>
</testsuite> <!-- Command line test -->
