<?xml version="1.0" encoding="UTF-8"?>
<testng-results skipped="0" failed="0" ignored="0" total="4" passed="4">
  <reporter-output>
  </reporter-output>
  <suite name="com.amazon.test.AddToCartTest" duration-ms="43055" started-at="2019-06-11T15:42:43Z" finished-at="2019-06-11T15:43:26Z">
    <groups>
    </groups>
    <test name="Command line test" duration-ms="43055" started-at="2019-06-11T15:42:43Z" finished-at="2019-06-11T15:43:26Z">
      <class name="com.amazon.test.AddToCartTest">
        <test-method status="PASS" signature="beforeClass()[pri:0, instance:com.amazon.test.AddToCartTest@2f7a2457]" name="beforeClass" is-config="true" duration-ms="1643" started-at="2019-06-11T21:12:43Z" finished-at="2019-06-11T21:12:45Z">
          <reporter-output>
          </reporter-output>
        </test-method> <!-- beforeClass -->
        <test-method status="PASS" signature="sanity_loginWithValidEmail(com.amazon.InputDataPojo.ValidLogin)[pri:1, instance:com.amazon.test.AddToCartTest@2f7a2457]" name="sanity_loginWithValidEmail" duration-ms="13957" started-at="2019-06-11T21:12:45Z" data-provider="ValidLogin" finished-at="2019-06-11T21:12:59Z">
          <params>
            <param index="0">
              <value>
                <![CDATA[com.amazon.InputDataPojo.ValidLogin@26ceffa8]]>
              </value>
            </param>
          </params>
          <reporter-output>
          </reporter-output>
        </test-method> <!-- sanity_loginWithValidEmail -->
        <test-method status="PASS" signature="sanity_addToCartHeadPhone(com.amazon.InputDataPojo.ValidLogin)[pri:2, instance:com.amazon.test.AddToCartTest@2f7a2457]" name="sanity_addToCartHeadPhone" duration-ms="13595" started-at="2019-06-11T21:12:59Z" data-provider="ValidLogin" finished-at="2019-06-11T21:13:13Z">
          <params>
            <param index="0">
              <value>
                <![CDATA[com.amazon.InputDataPojo.ValidLogin@15713d56]]>
              </value>
            </param>
          </params>
          <reporter-output>
          </reporter-output>
        </test-method> <!-- sanity_addToCartHeadPhone -->
        <test-method status="PASS" signature="sanity_addToCartMacbook(com.amazon.InputDataPojo.ValidLogin)[pri:3, instance:com.amazon.test.AddToCartTest@2f7a2457]" name="sanity_addToCartMacbook" duration-ms="8011" started-at="2019-06-11T21:13:13Z" data-provider="ValidLogin" finished-at="2019-06-11T21:13:21Z">
          <params>
            <param index="0">
              <value>
                <![CDATA[com.amazon.InputDataPojo.ValidLogin@63f259c3]]>
              </value>
            </param>
          </params>
          <reporter-output>
          </reporter-output>
        </test-method> <!-- sanity_addToCartMacbook -->
        <test-method status="PASS" signature="sanity_deleteHeadPhonesFromCart()[pri:4, instance:com.amazon.test.AddToCartTest@2f7a2457]" name="sanity_deleteHeadPhonesFromCart" duration-ms="4196" started-at="2019-06-11T21:13:21Z" finished-at="2019-06-11T21:13:25Z">
          <reporter-output>
          </reporter-output>
        </test-method> <!-- sanity_deleteHeadPhonesFromCart -->
        <test-method status="PASS" signature="afterClass()[pri:0, instance:com.amazon.test.AddToCartTest@2f7a2457]" name="afterClass" is-config="true" duration-ms="1470" started-at="2019-06-11T21:13:25Z" finished-at="2019-06-11T21:13:26Z">
          <reporter-output>
          </reporter-output>
        </test-method> <!-- afterClass -->
      </class> <!-- com.amazon.test.AddToCartTest -->
    </test> <!-- Command line test -->
  </suite> <!-- com.amazon.test.AddToCartTest -->
</testng-results>
